[2019-12-25T07:10:21.204] [FATAL] main - ===== Server config: =====
[2019-12-25T07:10:21.204] [FATAL] main - {
  "heartbeatInterval": 5,
  "baseDir": "/Users/thantsintoe/ULC_PROJECT/Website/liberdus-backend/server/instances/shardus-instance-9001",
  "transactionExpireTime": 5,
  "crypto": {
    "hashKey": "69fa4195670576c0160d660c3be36556ff8d504725be8a59b5a96509e0c994bc"
  },
  "p2p": {
    "ipServer": "api.ipify.org/?format=json",
    "timeServers": [
      "0.pool.ntp.org",
      "1.pool.ntp.org",
      "2.pool.ntp.org",
      "3.pool.ntp.org"
    ],
    "existingArchivers": [
      {
        "ip": "127.0.0.1",
        "port": 4000,
        "publicKey": "758b1c119412298802cd28dbfa394cdfeecc4074492d60844cc192d632d84de3"
      }
    ],
    "syncLimit": 180,
    "cycleDuration": 15,
    "maxRejoinTime": 20,
    "difficulty": 2,
    "queryDelay": 1,
    "gossipRecipients": 4,
    "gossipTimeout": 180,
    "maxSeedNodes": 10,
    "minNodesToAllowTxs": 1,
    "minNodes": 5,
    "maxNodes": 60,
    "seedNodeOffset": 4,
    "nodeExpiryAge": 180,
    "maxNodesToRotate": 1,
    "maxNodesPerCycle": 10,
    "maxPercentOfDelta": 40,
    "scaleReqsNeeded": 5,
    "maxScaleReqs": 10,
    "amountToScale": 1,
    "seedList": "http://127.0.0.1:4000/api/seednodes"
  },
  "ip": {
    "externalIp": "127.0.0.1",
    "externalPort": 9001,
    "internalIp": "127.0.0.1",
    "internalPort": 10001
  },
  "network": {
    "timeout": 10
  },
  "reporting": {
    "report": true,
    "recipient": "http://127.0.0.1:3000/api",
    "interval": 1,
    "console": false
  },
  "debug": {
    "loseReceiptChance": 0,
    "loseTxChance": 0
  },
  "statistics": {
    "save": true,
    "interval": 1
  },
  "loadDetection": {
    "queueLimit": 1000,
    "desiredTxTime": 5,
    "highThreshold": 0.8,
    "lowThreshold": 0.2
  },
  "rateLimiting": {
    "limitRate": true,
    "loadLimit": 0.5
  },
  "stateManager": {
    "stateTableBucketSize": 200,
    "accountBucketSize": 50
  },
  "sharding": {
    "nodesPerConsensusGroup": 3
  }
}
[2019-12-25T07:24:52.017] [ERROR] main - Failed to sendGossip({"data":{"from":"fde1xd154e","nodeId":"7e01xce186","timestamp":1577235292006,"to":"fde1xd154e","type":"node_reward"},"id":"6152x005aa","receipt":{"sign":{"owner":"fde1xd154e","sig":"fc29xx440ee"},"stateId":null,"targetStateId":null,"time":1577235292007,"txHash":"6152x005aa"},"status":1,"timestamp":1577235292006}) Exception => Error: connect ECONNREFUSED 127.0.0.1:10004
[2019-12-25T07:24:58.076] [ERROR] main - DATASYNC: updateAccountsCopyTable time error>= ts:1577235292006 cs:1577235247000 ce:1577235262000 
[2019-12-25T07:25:07.023] [ERROR] main - Failed to sendGossip({"data":{"from":"c5b2x1216e","nodeId":"095bxd28b8","timestamp":1577235307006,"to":"c5b2x1216e","type":"node_reward"},"id":"b68fx6b033","receipt":{"sign":{"owner":"c5b2x1216e","sig":"a233xx68080"},"stateId":null,"targetStateId":null,"time":1577235307006,"txHash":"b68fx6b033"},"status":1,"timestamp":1577235307006}) Exception => Error: connect ECONNREFUSED 127.0.0.1:10004
[2019-12-25T07:25:13.078] [ERROR] main - DATASYNC: updateAccountsCopyTable time error>= ts:1577235307006 cs:1577235247000 ce:1577235262000 
[2019-12-25T07:25:37.011] [ERROR] main - Failed to sendGossip({"data":{"from":"408cxd1743","nodeId":"f01dxddfa8","timestamp":1577235337004,"to":"408cxd1743","type":"node_reward"},"id":"2310xf028a","receipt":{"sign":{"owner":"408cxd1743","sig":"22fcxx3e48b"},"stateId":null,"targetStateId":null,"time":1577235337005,"txHash":"2310xf028a"},"status":1,"timestamp":1577235337004}) Exception => Error: connect ECONNREFUSED 127.0.0.1:10004
[2019-12-25T07:25:43.061] [ERROR] main - DATASYNC: updateAccountsCopyTable time error>= ts:1577235337004 cs:1577235247000 ce:1577235262000 
[2019-12-25T07:27:07.011] [ERROR] main - Failed to sendGossip({"data":{"from":"fde1xd154e","nodeId":"7e01xce186","timestamp":1577235427001,"to":"fde1xd154e","type":"node_reward"},"id":"cc97xc7459","receipt":{"sign":{"owner":"fde1xd154e","sig":"6870xx71643"},"stateId":null,"targetStateId":null,"time":1577235427002,"txHash":"cc97xc7459"},"status":1,"timestamp":1577235427001}) Exception => Error: connect ECONNREFUSED 127.0.0.1:10004
[2019-12-25T07:27:13.069] [ERROR] main - DATASYNC: updateAccountsCopyTable time error>= ts:1577235427001 cs:1577235247000 ce:1577235262000 
[2019-12-25T07:27:37.024] [ERROR] main - Failed to sendGossip({"data":{"from":"c5b2x1216e","nodeId":"095bxd28b8","timestamp":1577235457002,"to":"c5b2x1216e","type":"node_reward"},"id":"9074x2cf81","receipt":{"sign":{"owner":"c5b2x1216e","sig":"48e5xx1c820"},"stateId":null,"targetStateId":null,"time":1577235457003,"txHash":"9074x2cf81"},"status":1,"timestamp":1577235457002}) Exception => Error: connect ECONNREFUSED 127.0.0.1:10004
[2019-12-25T07:27:43.058] [ERROR] main - DATASYNC: updateAccountsCopyTable time error>= ts:1577235457002 cs:1577235247000 ce:1577235262000 
[2019-12-25T07:27:52.021] [ERROR] main - Failed to sendGossip({"data":{"from":"408cxd1743","nodeId":"f01dxddfa8","timestamp":1577235472007,"to":"408cxd1743","type":"node_reward"},"id":"5e98x97e9b","receipt":{"sign":{"owner":"408cxd1743","sig":"3685xx7e7ca"},"stateId":null,"targetStateId":null,"time":1577235472008,"txHash":"5e98x97e9b"},"status":1,"timestamp":1577235472007}) Exception => Error: connect ECONNREFUSED 127.0.0.1:10004
[2019-12-25T07:27:58.069] [ERROR] main - DATASYNC: updateAccountsCopyTable time error>= ts:1577235472007 cs:1577235247000 ce:1577235262000 
[2019-12-25T07:29:22.021] [ERROR] main - Failed to sendGossip({"data":{"from":"fde1xd154e","nodeId":"7e01xce186","timestamp":1577235562002,"to":"fde1xd154e","type":"node_reward"},"id":"0881x3ecf0","receipt":{"sign":{"owner":"fde1xd154e","sig":"8004xxc57f2"},"stateId":null,"targetStateId":null,"time":1577235562004,"txHash":"0881x3ecf0"},"status":1,"timestamp":1577235562002}) Exception => Error: connect ECONNREFUSED 127.0.0.1:10004
[2019-12-25T07:29:28.079] [ERROR] main - DATASYNC: updateAccountsCopyTable time error>= ts:1577235562002 cs:1577235247000 ce:1577235262000 
[2019-12-25T07:29:52.016] [ERROR] main - Failed to sendGossip({"data":{"from":"c5b2x1216e","nodeId":"095bxd28b8","timestamp":1577235592002,"to":"c5b2x1216e","type":"node_reward"},"id":"a8d0xf63c0","receipt":{"sign":{"owner":"c5b2x1216e","sig":"fafdxxe9abc"},"stateId":null,"targetStateId":null,"time":1577235592003,"txHash":"a8d0xf63c0"},"status":1,"timestamp":1577235592002}) Exception => Error: connect ECONNREFUSED 127.0.0.1:10004
[2019-12-25T07:29:58.063] [ERROR] main - DATASYNC: updateAccountsCopyTable time error>= ts:1577235592002 cs:1577235247000 ce:1577235262000 
[2019-12-25T07:30:07.013] [ERROR] main - Failed to sendGossip({"data":{"from":"408cxd1743","nodeId":"f01dxddfa8","timestamp":1577235607004,"to":"408cxd1743","type":"node_reward"},"id":"1126xdc119","receipt":{"sign":{"owner":"408cxd1743","sig":"3af4xx4872d"},"stateId":null,"targetStateId":null,"time":1577235607005,"txHash":"1126xdc119"},"status":1,"timestamp":1577235607004}) Exception => Error: connect ECONNREFUSED 127.0.0.1:10004
[2019-12-25T07:30:13.069] [ERROR] main - DATASYNC: updateAccountsCopyTable time error>= ts:1577235607004 cs:1577235247000 ce:1577235262000 
[2019-12-25T07:31:37.020] [ERROR] main - Failed to sendGossip({"data":{"from":"fde1xd154e","nodeId":"7e01xce186","timestamp":1577235697002,"to":"fde1xd154e","type":"node_reward"},"id":"bb8cx7f3e9","receipt":{"sign":{"owner":"fde1xd154e","sig":"19d7xxd98fa"},"stateId":null,"targetStateId":null,"time":1577235697003,"txHash":"bb8cx7f3e9"},"status":1,"timestamp":1577235697002}) Exception => Error: connect ECONNREFUSED 127.0.0.1:10004
[2019-12-25T07:31:43.067] [ERROR] main - DATASYNC: updateAccountsCopyTable time error>= ts:1577235697002 cs:1577235247000 ce:1577235262000 
[2019-12-25T07:32:07.011] [ERROR] main - Failed to sendGossip({"data":{"from":"c5b2x1216e","nodeId":"095bxd28b8","timestamp":1577235727003,"to":"c5b2x1216e","type":"node_reward"},"id":"52fbx04fa2","receipt":{"sign":{"owner":"c5b2x1216e","sig":"0d0fxxfcb94"},"stateId":null,"targetStateId":null,"time":1577235727004,"txHash":"52fbx04fa2"},"status":1,"timestamp":1577235727003}) Exception => Error: connect ECONNREFUSED 127.0.0.1:10004
[2019-12-25T07:32:13.062] [ERROR] main - DATASYNC: updateAccountsCopyTable time error>= ts:1577235727003 cs:1577235247000 ce:1577235262000 
[2019-12-25T07:32:22.018] [ERROR] main - Failed to sendGossip({"data":{"from":"408cxd1743","nodeId":"f01dxddfa8","timestamp":1577235742004,"to":"408cxd1743","type":"node_reward"},"id":"2c64xb8a78","receipt":{"sign":{"owner":"408cxd1743","sig":"61fcxx7bc7a"},"stateId":null,"targetStateId":null,"time":1577235742005,"txHash":"2c64xb8a78"},"status":1,"timestamp":1577235742004}) Exception => Error: connect ECONNREFUSED 127.0.0.1:10004
[2019-12-25T07:32:28.060] [ERROR] main - DATASYNC: updateAccountsCopyTable time error>= ts:1577235742004 cs:1577235247000 ce:1577235262000 
[2019-12-25T07:33:52.034] [ERROR] main - Failed to sendGossip({"data":{"from":"fde1xd154e","nodeId":"7e01xce186","timestamp":1577235832010,"to":"fde1xd154e","type":"node_reward"},"id":"a7a8x77b45","receipt":{"sign":{"owner":"fde1xd154e","sig":"6337xx75cb1"},"stateId":null,"targetStateId":null,"time":1577235832014,"txHash":"a7a8x77b45"},"status":1,"timestamp":1577235832010}) Exception => Error: connect ECONNREFUSED 127.0.0.1:10004
[2019-12-25T07:33:58.068] [ERROR] main - DATASYNC: updateAccountsCopyTable time error>= ts:1577235832010 cs:1577235247000 ce:1577235262000 
[2019-12-25T07:34:22.043] [ERROR] main - Failed to sendGossip({"data":{"from":"c5b2x1216e","nodeId":"095bxd28b8","timestamp":1577235862009,"to":"c5b2x1216e","type":"node_reward"},"id":"e407x29684","receipt":{"sign":{"owner":"c5b2x1216e","sig":"8476xxcac4d"},"stateId":null,"targetStateId":null,"time":1577235862013,"txHash":"e407x29684"},"status":1,"timestamp":1577235862009}) Exception => Error: connect ECONNREFUSED 127.0.0.1:10004
[2019-12-25T07:34:28.075] [ERROR] main - DATASYNC: updateAccountsCopyTable time error>= ts:1577235862009 cs:1577235247000 ce:1577235262000 
