[2019-12-25T07:15:58.101] [FATAL] fatal - tryApplyTransaction failed: Error: invalid transaction, reason: Issue is already active. tx: {"from":"c5b2cd8b957ce05a7a9081904a691b40c1016f07e94da12fb4b1f6215131216e","issue":"68733e8c523de80def9c8bfbdc174381eff434fc8d5a2f73f26ff0584c9c011c","nodeId":"095bf132ea46d8b95271841e9b6336638a7c03894e43371f5e55a432f00d28b8","proposal":"9cc61afb96a7e7c2091166f0533f96cffb024e7fb9cebb97e0fbfb41e508aecd","timestamp":1577234752006,"to":"0000000000000000000000000000000000000000000000000000000000000000","type":"issue"} at Error: invalid transaction, reason: Issue is already active. tx: {"from":"c5b2cd8b957ce05a7a9081904a691b40c1016f07e94da12fb4b1f6215131216e","issue":"68733e8c523de80def9c8bfbdc174381eff434fc8d5a2f73f26ff0584c9c011c","nodeId":"095bf132ea46d8b95271841e9b6336638a7c03894e43371f5e55a432f00d28b8","proposal":"9cc61afb96a7e7c2091166f0533f96cffb024e7fb9cebb97e0fbfb41e508aecd","timestamp":1577234752006,"to":"0000000000000000000000000000000000000000000000000000000000000000","type":"issue"}
    at Object.apply (/Users/thantsintoe/ULC_PROJECT/Website/liberdus-backend/server/index.js:2032:13)
    at Object.applicationInterfaceImpl.apply (/Users/thantsintoe/ULC_PROJECT/Website/shardus-global-server/src/shardus/index.js:500:85)
    at StateManager.tryApplyTransaction (/Users/thantsintoe/ULC_PROJECT/Website/shardus-global-server/src/state-manager/index.js:2471:38)
[2019-12-25T07:15:58.152] [FATAL] fatal - tryApplyTransaction failed: Error: invalid transaction, reason: devIssue is already active. tx: {"devIssue":"dbe92c2e0968f686d816df1d070e111e2de8852c8190006dc3f9743ea36155cd","from":"c5b2cd8b957ce05a7a9081904a691b40c1016f07e94da12fb4b1f6215131216e","nodeId":"095bf132ea46d8b95271841e9b6336638a7c03894e43371f5e55a432f00d28b8","timestamp":1577234752020,"to":"0000000000000000000000000000000000000000000000000000000000000000","type":"dev_issue"} at Error: invalid transaction, reason: devIssue is already active. tx: {"devIssue":"dbe92c2e0968f686d816df1d070e111e2de8852c8190006dc3f9743ea36155cd","from":"c5b2cd8b957ce05a7a9081904a691b40c1016f07e94da12fb4b1f6215131216e","nodeId":"095bf132ea46d8b95271841e9b6336638a7c03894e43371f5e55a432f00d28b8","timestamp":1577234752020,"to":"0000000000000000000000000000000000000000000000000000000000000000","type":"dev_issue"}
    at Object.apply (/Users/thantsintoe/ULC_PROJECT/Website/liberdus-backend/server/index.js:2032:13)
    at Object.applicationInterfaceImpl.apply (/Users/thantsintoe/ULC_PROJECT/Website/shardus-global-server/src/shardus/index.js:500:85)
    at StateManager.tryApplyTransaction (/Users/thantsintoe/ULC_PROJECT/Website/shardus-global-server/src/state-manager/index.js:2471:38)
[2019-12-25T07:18:43.079] [FATAL] fatal - tryApplyTransaction failed: Error: invalid transaction, reason: This issue is no longer active. tx: {"from":"c5b2cd8b957ce05a7a9081904a691b40c1016f07e94da12fb4b1f6215131216e","issue":"68733e8c523de80def9c8bfbdc174381eff434fc8d5a2f73f26ff0584c9c011c","nodeId":"095bf132ea46d8b95271841e9b6336638a7c03894e43371f5e55a432f00d28b8","proposals":["9cc61afb96a7e7c2091166f0533f96cffb024e7fb9cebb97e0fbfb41e508aecd"],"timestamp":1577234917003,"to":"0000000000000000000000000000000000000000000000000000000000000000","type":"tally"} at Error: invalid transaction, reason: This issue is no longer active. tx: {"from":"c5b2cd8b957ce05a7a9081904a691b40c1016f07e94da12fb4b1f6215131216e","issue":"68733e8c523de80def9c8bfbdc174381eff434fc8d5a2f73f26ff0584c9c011c","nodeId":"095bf132ea46d8b95271841e9b6336638a7c03894e43371f5e55a432f00d28b8","proposals":["9cc61afb96a7e7c2091166f0533f96cffb024e7fb9cebb97e0fbfb41e508aecd"],"timestamp":1577234917003,"to":"0000000000000000000000000000000000000000000000000000000000000000","type":"tally"}
    at Object.apply (/Users/thantsintoe/ULC_PROJECT/Website/liberdus-backend/server/index.js:2032:13)
    at Object.applicationInterfaceImpl.apply (/Users/thantsintoe/ULC_PROJECT/Website/shardus-global-server/src/shardus/index.js:500:85)
    at StateManager.tryApplyTransaction (/Users/thantsintoe/ULC_PROJECT/Website/shardus-global-server/src/state-manager/index.js:2471:38)
[2019-12-25T07:18:43.123] [FATAL] fatal - tryApplyTransaction failed: Error: invalid transaction, reason: This devIssue is no longer active. tx: {"devIssue":"dbe92c2e0968f686d816df1d070e111e2de8852c8190006dc3f9743ea36155cd","devProposals":[],"from":"c5b2cd8b957ce05a7a9081904a691b40c1016f07e94da12fb4b1f6215131216e","nodeId":"095bf132ea46d8b95271841e9b6336638a7c03894e43371f5e55a432f00d28b8","timestamp":1577234917009,"to":"0000000000000000000000000000000000000000000000000000000000000000","type":"dev_tally"} at Error: invalid transaction, reason: This devIssue is no longer active. tx: {"devIssue":"dbe92c2e0968f686d816df1d070e111e2de8852c8190006dc3f9743ea36155cd","devProposals":[],"from":"c5b2cd8b957ce05a7a9081904a691b40c1016f07e94da12fb4b1f6215131216e","nodeId":"095bf132ea46d8b95271841e9b6336638a7c03894e43371f5e55a432f00d28b8","timestamp":1577234917009,"to":"0000000000000000000000000000000000000000000000000000000000000000","type":"dev_tally"}
    at Object.apply (/Users/thantsintoe/ULC_PROJECT/Website/liberdus-backend/server/index.js:2032:13)
    at Object.applicationInterfaceImpl.apply (/Users/thantsintoe/ULC_PROJECT/Website/shardus-global-server/src/shardus/index.js:500:85)
    at StateManager.tryApplyTransaction (/Users/thantsintoe/ULC_PROJECT/Website/shardus-global-server/src/state-manager/index.js:2471:38)
[2019-12-25T07:20:35.917] [FATAL] fatal - Put: Failed to process transaction. Exception: Error: Network is not Ready to generate dev proposals
[2019-12-25T07:20:35.917] [FATAL] fatal - Put: Error: Network is not Ready to generate dev proposals at Error: Network is not Ready to generate dev proposals
    at Object.validateTxnFields (/Users/thantsintoe/ULC_PROJECT/Website/liberdus-backend/server/index.js:1945:17)
    at Object.applicationInterfaceImpl.validateTxnFields (/Users/thantsintoe/ULC_PROJECT/Website/shardus-global-server/src/shardus/index.js:494:76)
    at Shardus.put (/Users/thantsintoe/ULC_PROJECT/Website/shardus-global-server/src/shardus/index.js:335:43)
    at dapp.registerExternalPost (/Users/thantsintoe/ULC_PROJECT/Website/liberdus-backend/server/index.js:365:25)
    at wrappedHandler (/Users/thantsintoe/ULC_PROJECT/Website/shardus-global-server/src/network/index.js:163:16)
    at Layer.handle [as handle_request] (/Users/thantsintoe/ULC_PROJECT/Website/shardus-global-server/node_modules/express/lib/router/layer.js:95:5)
    at next (/Users/thantsintoe/ULC_PROJECT/Website/shardus-global-server/node_modules/express/lib/router/route.js:137:13)
    at Route.dispatch (/Users/thantsintoe/ULC_PROJECT/Website/shardus-global-server/node_modules/express/lib/router/route.js:112:3)
    at Layer.handle [as handle_request] (/Users/thantsintoe/ULC_PROJECT/Website/shardus-global-server/node_modules/express/lib/router/layer.js:95:5)
    at /Users/thantsintoe/ULC_PROJECT/Website/shardus-global-server/node_modules/express/lib/router/index.js:281:22
    at Function.process_params (/Users/thantsintoe/ULC_PROJECT/Website/shardus-global-server/node_modules/express/lib/router/index.js:335:12)
    at next (/Users/thantsintoe/ULC_PROJECT/Website/shardus-global-server/node_modules/express/lib/router/index.js:275:10)
    at storeRequests (/Users/thantsintoe/ULC_PROJECT/Website/shardus-global-server/src/network/index.js:46:9)
    at Layer.handle [as handle_request] (/Users/thantsintoe/ULC_PROJECT/Website/shardus-global-server/node_modules/express/lib/router/layer.js:95:5)
    at trim_prefix (/Users/thantsintoe/ULC_PROJECT/Website/shardus-global-server/node_modules/express/lib/router/index.js:317:13)
    at /Users/thantsintoe/ULC_PROJECT/Website/shardus-global-server/node_modules/express/lib/router/index.js:284:7
    at Function.process_params (/Users/thantsintoe/ULC_PROJECT/Website/shardus-global-server/node_modules/express/lib/router/index.js:335:12)
    at next (/Users/thantsintoe/ULC_PROJECT/Website/shardus-global-server/node_modules/express/lib/router/index.js:275:10)
    at cors (/Users/thantsintoe/ULC_PROJECT/Website/shardus-global-server/node_modules/cors/lib/index.js:188:7)
    at /Users/thantsintoe/ULC_PROJECT/Website/shardus-global-server/node_modules/cors/lib/index.js:224:17
    at originCallback (/Users/thantsintoe/ULC_PROJECT/Website/shardus-global-server/node_modules/cors/lib/index.js:214:15)
    at /Users/thantsintoe/ULC_PROJECT/Website/shardus-global-server/node_modules/cors/lib/index.js:219:13
[2019-12-25T07:22:41.224] [FATAL] fatal - Put: Failed to process transaction. Exception: Error: Network is not Ready to generate dev proposals
[2019-12-25T07:22:41.225] [FATAL] fatal - Put: Error: Network is not Ready to generate dev proposals at Error: Network is not Ready to generate dev proposals
    at Object.validateTxnFields (/Users/thantsintoe/ULC_PROJECT/Website/liberdus-backend/server/index.js:1945:17)
    at Object.applicationInterfaceImpl.validateTxnFields (/Users/thantsintoe/ULC_PROJECT/Website/shardus-global-server/src/shardus/index.js:494:76)
    at Shardus.put (/Users/thantsintoe/ULC_PROJECT/Website/shardus-global-server/src/shardus/index.js:335:43)
    at dapp.registerExternalPost (/Users/thantsintoe/ULC_PROJECT/Website/liberdus-backend/server/index.js:365:25)
    at wrappedHandler (/Users/thantsintoe/ULC_PROJECT/Website/shardus-global-server/src/network/index.js:163:16)
    at Layer.handle [as handle_request] (/Users/thantsintoe/ULC_PROJECT/Website/shardus-global-server/node_modules/express/lib/router/layer.js:95:5)
    at next (/Users/thantsintoe/ULC_PROJECT/Website/shardus-global-server/node_modules/express/lib/router/route.js:137:13)
    at Route.dispatch (/Users/thantsintoe/ULC_PROJECT/Website/shardus-global-server/node_modules/express/lib/router/route.js:112:3)
    at Layer.handle [as handle_request] (/Users/thantsintoe/ULC_PROJECT/Website/shardus-global-server/node_modules/express/lib/router/layer.js:95:5)
    at /Users/thantsintoe/ULC_PROJECT/Website/shardus-global-server/node_modules/express/lib/router/index.js:281:22
    at Function.process_params (/Users/thantsintoe/ULC_PROJECT/Website/shardus-global-server/node_modules/express/lib/router/index.js:335:12)
    at next (/Users/thantsintoe/ULC_PROJECT/Website/shardus-global-server/node_modules/express/lib/router/index.js:275:10)
    at storeRequests (/Users/thantsintoe/ULC_PROJECT/Website/shardus-global-server/src/network/index.js:46:9)
    at Layer.handle [as handle_request] (/Users/thantsintoe/ULC_PROJECT/Website/shardus-global-server/node_modules/express/lib/router/layer.js:95:5)
    at trim_prefix (/Users/thantsintoe/ULC_PROJECT/Website/shardus-global-server/node_modules/express/lib/router/index.js:317:13)
    at /Users/thantsintoe/ULC_PROJECT/Website/shardus-global-server/node_modules/express/lib/router/index.js:284:7
    at Function.process_params (/Users/thantsintoe/ULC_PROJECT/Website/shardus-global-server/node_modules/express/lib/router/index.js:335:12)
    at next (/Users/thantsintoe/ULC_PROJECT/Website/shardus-global-server/node_modules/express/lib/router/index.js:275:10)
    at cors (/Users/thantsintoe/ULC_PROJECT/Website/shardus-global-server/node_modules/cors/lib/index.js:188:7)
    at /Users/thantsintoe/ULC_PROJECT/Website/shardus-global-server/node_modules/cors/lib/index.js:224:17
    at originCallback (/Users/thantsintoe/ULC_PROJECT/Website/shardus-global-server/node_modules/cors/lib/index.js:214:15)
    at /Users/thantsintoe/ULC_PROJECT/Website/shardus-global-server/node_modules/cors/lib/index.js:219:13
[2019-12-25T07:23:23.367] [FATAL] fatal - Put: Failed to process transaction. Exception: Error: Network is not Ready to generate dev proposals
[2019-12-25T07:23:23.367] [FATAL] fatal - Put: Error: Network is not Ready to generate dev proposals at Error: Network is not Ready to generate dev proposals
    at Object.validateTxnFields (/Users/thantsintoe/ULC_PROJECT/Website/liberdus-backend/server/index.js:1945:17)
    at Object.applicationInterfaceImpl.validateTxnFields (/Users/thantsintoe/ULC_PROJECT/Website/shardus-global-server/src/shardus/index.js:494:76)
    at Shardus.put (/Users/thantsintoe/ULC_PROJECT/Website/shardus-global-server/src/shardus/index.js:335:43)
    at dapp.registerExternalPost (/Users/thantsintoe/ULC_PROJECT/Website/liberdus-backend/server/index.js:365:25)
    at wrappedHandler (/Users/thantsintoe/ULC_PROJECT/Website/shardus-global-server/src/network/index.js:163:16)
    at Layer.handle [as handle_request] (/Users/thantsintoe/ULC_PROJECT/Website/shardus-global-server/node_modules/express/lib/router/layer.js:95:5)
    at next (/Users/thantsintoe/ULC_PROJECT/Website/shardus-global-server/node_modules/express/lib/router/route.js:137:13)
    at Route.dispatch (/Users/thantsintoe/ULC_PROJECT/Website/shardus-global-server/node_modules/express/lib/router/route.js:112:3)
    at Layer.handle [as handle_request] (/Users/thantsintoe/ULC_PROJECT/Website/shardus-global-server/node_modules/express/lib/router/layer.js:95:5)
    at /Users/thantsintoe/ULC_PROJECT/Website/shardus-global-server/node_modules/express/lib/router/index.js:281:22
    at Function.process_params (/Users/thantsintoe/ULC_PROJECT/Website/shardus-global-server/node_modules/express/lib/router/index.js:335:12)
    at next (/Users/thantsintoe/ULC_PROJECT/Website/shardus-global-server/node_modules/express/lib/router/index.js:275:10)
    at storeRequests (/Users/thantsintoe/ULC_PROJECT/Website/shardus-global-server/src/network/index.js:46:9)
    at Layer.handle [as handle_request] (/Users/thantsintoe/ULC_PROJECT/Website/shardus-global-server/node_modules/express/lib/router/layer.js:95:5)
    at trim_prefix (/Users/thantsintoe/ULC_PROJECT/Website/shardus-global-server/node_modules/express/lib/router/index.js:317:13)
    at /Users/thantsintoe/ULC_PROJECT/Website/shardus-global-server/node_modules/express/lib/router/index.js:284:7
    at Function.process_params (/Users/thantsintoe/ULC_PROJECT/Website/shardus-global-server/node_modules/express/lib/router/index.js:335:12)
    at next (/Users/thantsintoe/ULC_PROJECT/Website/shardus-global-server/node_modules/express/lib/router/index.js:275:10)
    at cors (/Users/thantsintoe/ULC_PROJECT/Website/shardus-global-server/node_modules/cors/lib/index.js:188:7)
    at /Users/thantsintoe/ULC_PROJECT/Website/shardus-global-server/node_modules/cors/lib/index.js:224:17
    at originCallback (/Users/thantsintoe/ULC_PROJECT/Website/shardus-global-server/node_modules/cors/lib/index.js:214:15)
    at /Users/thantsintoe/ULC_PROJECT/Website/shardus-global-server/node_modules/cors/lib/index.js:219:13
[2019-12-25T07:23:54.706] [FATAL] fatal - Put: Failed to process transaction. Exception: Error: Network is not Ready to generate dev proposals
[2019-12-25T07:23:54.706] [FATAL] fatal - Put: Error: Network is not Ready to generate dev proposals at Error: Network is not Ready to generate dev proposals
    at Object.validateTxnFields (/Users/thantsintoe/ULC_PROJECT/Website/liberdus-backend/server/index.js:1945:17)
    at Object.applicationInterfaceImpl.validateTxnFields (/Users/thantsintoe/ULC_PROJECT/Website/shardus-global-server/src/shardus/index.js:494:76)
    at Shardus.put (/Users/thantsintoe/ULC_PROJECT/Website/shardus-global-server/src/shardus/index.js:335:43)
    at dapp.registerExternalPost (/Users/thantsintoe/ULC_PROJECT/Website/liberdus-backend/server/index.js:365:25)
    at wrappedHandler (/Users/thantsintoe/ULC_PROJECT/Website/shardus-global-server/src/network/index.js:163:16)
    at Layer.handle [as handle_request] (/Users/thantsintoe/ULC_PROJECT/Website/shardus-global-server/node_modules/express/lib/router/layer.js:95:5)
    at next (/Users/thantsintoe/ULC_PROJECT/Website/shardus-global-server/node_modules/express/lib/router/route.js:137:13)
    at Route.dispatch (/Users/thantsintoe/ULC_PROJECT/Website/shardus-global-server/node_modules/express/lib/router/route.js:112:3)
    at Layer.handle [as handle_request] (/Users/thantsintoe/ULC_PROJECT/Website/shardus-global-server/node_modules/express/lib/router/layer.js:95:5)
    at /Users/thantsintoe/ULC_PROJECT/Website/shardus-global-server/node_modules/express/lib/router/index.js:281:22
    at Function.process_params (/Users/thantsintoe/ULC_PROJECT/Website/shardus-global-server/node_modules/express/lib/router/index.js:335:12)
    at next (/Users/thantsintoe/ULC_PROJECT/Website/shardus-global-server/node_modules/express/lib/router/index.js:275:10)
    at storeRequests (/Users/thantsintoe/ULC_PROJECT/Website/shardus-global-server/src/network/index.js:46:9)
    at Layer.handle [as handle_request] (/Users/thantsintoe/ULC_PROJECT/Website/shardus-global-server/node_modules/express/lib/router/layer.js:95:5)
    at trim_prefix (/Users/thantsintoe/ULC_PROJECT/Website/shardus-global-server/node_modules/express/lib/router/index.js:317:13)
    at /Users/thantsintoe/ULC_PROJECT/Website/shardus-global-server/node_modules/express/lib/router/index.js:284:7
    at Function.process_params (/Users/thantsintoe/ULC_PROJECT/Website/shardus-global-server/node_modules/express/lib/router/index.js:335:12)
    at next (/Users/thantsintoe/ULC_PROJECT/Website/shardus-global-server/node_modules/express/lib/router/index.js:275:10)
    at cors (/Users/thantsintoe/ULC_PROJECT/Website/shardus-global-server/node_modules/cors/lib/index.js:188:7)
    at /Users/thantsintoe/ULC_PROJECT/Website/shardus-global-server/node_modules/cors/lib/index.js:224:17
    at originCallback (/Users/thantsintoe/ULC_PROJECT/Website/shardus-global-server/node_modules/cors/lib/index.js:214:15)
    at /Users/thantsintoe/ULC_PROJECT/Website/shardus-global-server/node_modules/cors/lib/index.js:219:13
[2019-12-25T07:24:07.034] [FATAL] fatal - unhandledRejection: TypeError: Cannot read property 'data' of undefined
    at tallyVotes (/Users/thantsintoe/ULC_PROJECT/Website/liberdus-backend/server/index.js:2895:18)
    at process._tickCallback (internal/process/next_tick.js:68:7)
[2019-12-25T07:24:52.017] [FATAL] fatal - sendGossipIn: Error: connect ECONNREFUSED 127.0.0.1:10004 at Error: connect ECONNREFUSED 127.0.0.1:10004
    at TCPConnectWrap.afterConnect [as oncomplete] (net.js:1097:14)
[2019-12-25T07:25:07.023] [FATAL] fatal - sendGossipIn: Error: connect ECONNREFUSED 127.0.0.1:10004 at Error: connect ECONNREFUSED 127.0.0.1:10004
    at TCPConnectWrap.afterConnect [as oncomplete] (net.js:1097:14)
[2019-12-25T07:25:37.011] [FATAL] fatal - sendGossipIn: Error: connect ECONNREFUSED 127.0.0.1:10004 at Error: connect ECONNREFUSED 127.0.0.1:10004
    at TCPConnectWrap.afterConnect [as oncomplete] (net.js:1097:14)
[2019-12-25T07:27:07.011] [FATAL] fatal - sendGossipIn: Error: connect ECONNREFUSED 127.0.0.1:10004 at Error: connect ECONNREFUSED 127.0.0.1:10004
    at TCPConnectWrap.afterConnect [as oncomplete] (net.js:1097:14)
[2019-12-25T07:27:37.024] [FATAL] fatal - sendGossipIn: Error: connect ECONNREFUSED 127.0.0.1:10004 at Error: connect ECONNREFUSED 127.0.0.1:10004
    at TCPConnectWrap.afterConnect [as oncomplete] (net.js:1097:14)
[2019-12-25T07:27:52.021] [FATAL] fatal - sendGossipIn: Error: connect ECONNREFUSED 127.0.0.1:10004 at Error: connect ECONNREFUSED 127.0.0.1:10004
    at TCPConnectWrap.afterConnect [as oncomplete] (net.js:1097:14)
[2019-12-25T07:29:22.022] [FATAL] fatal - sendGossipIn: Error: connect ECONNREFUSED 127.0.0.1:10004 at Error: connect ECONNREFUSED 127.0.0.1:10004
    at TCPConnectWrap.afterConnect [as oncomplete] (net.js:1097:14)
[2019-12-25T07:29:52.016] [FATAL] fatal - sendGossipIn: Error: connect ECONNREFUSED 127.0.0.1:10004 at Error: connect ECONNREFUSED 127.0.0.1:10004
    at TCPConnectWrap.afterConnect [as oncomplete] (net.js:1097:14)
[2019-12-25T07:30:07.013] [FATAL] fatal - sendGossipIn: Error: connect ECONNREFUSED 127.0.0.1:10004 at Error: connect ECONNREFUSED 127.0.0.1:10004
    at TCPConnectWrap.afterConnect [as oncomplete] (net.js:1097:14)
[2019-12-25T07:31:37.021] [FATAL] fatal - sendGossipIn: Error: connect ECONNREFUSED 127.0.0.1:10004 at Error: connect ECONNREFUSED 127.0.0.1:10004
    at TCPConnectWrap.afterConnect [as oncomplete] (net.js:1097:14)
[2019-12-25T07:32:07.012] [FATAL] fatal - sendGossipIn: Error: connect ECONNREFUSED 127.0.0.1:10004 at Error: connect ECONNREFUSED 127.0.0.1:10004
    at TCPConnectWrap.afterConnect [as oncomplete] (net.js:1097:14)
[2019-12-25T07:32:22.019] [FATAL] fatal - sendGossipIn: Error: connect ECONNREFUSED 127.0.0.1:10004 at Error: connect ECONNREFUSED 127.0.0.1:10004
    at TCPConnectWrap.afterConnect [as oncomplete] (net.js:1097:14)
[2019-12-25T07:33:52.034] [FATAL] fatal - sendGossipIn: Error: connect ECONNREFUSED 127.0.0.1:10004 at Error: connect ECONNREFUSED 127.0.0.1:10004
    at TCPConnectWrap.afterConnect [as oncomplete] (net.js:1097:14)
[2019-12-25T07:34:22.043] [FATAL] fatal - sendGossipIn: Error: connect ECONNREFUSED 127.0.0.1:10004 at Error: connect ECONNREFUSED 127.0.0.1:10004
    at TCPConnectWrap.afterConnect [as oncomplete] (net.js:1097:14)
